<?xml version="1.0" encoding="UTF-8"?>
<!-- Generated by org.testng.reporters.JUnitReportReporter -->
<testsuite skipped="0" hostname="DIN13002296" name="com.wordpress.test.DashboardTest" tests="1" failures="0" timestamp="17 May 2019 09:41:29 GMT" time="31.084" errors="0">
  <testcase name="validateScollTest" time="31.084" classname="com.wordpress.test.DashboardTest"/>
</testsuite> <!-- com.wordpress.test.DashboardTest -->
