<?xml version="1.0" encoding="UTF-8"?>
<!-- Generated by org.testng.reporters.JUnitReportReporter -->
<testsuite skipped="0" hostname="DIN13002296" name="com.wordpress.test.LoginpageTest" tests="4" failures="0" timestamp="17 May 2019 04:24:24 GMT" time="44.176" errors="0">
  <testcase name="validateloginTest" time="10.636" classname="com.wordpress.test.LoginpageTest"/>
  <testcase name="validateincorrectloginTest1" time="14.839" classname="com.wordpress.test.LoginpageTest"/>
  <testcase name="validateincorrectloginTest2" time="9.888" classname="com.wordpress.test.LoginpageTest"/>
  <testcase name="validatetitleTest" time="8.813" classname="com.wordpress.test.LoginpageTest"/>
</testsuite> <!-- com.wordpress.test.LoginpageTest -->
