<?xml version="1.0" encoding="UTF-8"?>
<!-- Generated by org.testng.reporters.JUnitReportReporter -->
<testsuite skipped="0" hostname="DIN13002296" name="com.wordpress.test.NewpostTest" tests="2" failures="0" timestamp="17 May 2019 11:55:42 GMT" time="42.784" errors="0">
  <testcase name="valiadateMediabtnTest" time="22.098" classname="com.wordpress.test.NewpostTest"/>
  <testcase name="validateposttileTest" time="20.686" classname="com.wordpress.test.NewpostTest"/>
</testsuite> <!-- com.wordpress.test.NewpostTest -->
