<?xml version="1.0" encoding="UTF-8"?>
<!-- Generated by org.testng.reporters.JUnitReportReporter -->
<testsuite skipped="0" hostname="DIN13002296" name="com.wordpress.test.LoginpageTest" tests="4" failures="0" timestamp="20 May 2019 04:32:52 GMT" time="51.446" errors="0">
  <testcase name="validateincorrectloginTest2" time="10.483" classname="com.wordpress.test.LoginpageTest"/>
  <testcase name="validatetitleTest" time="15.464" classname="com.wordpress.test.LoginpageTest"/>
  <testcase name="validateloginTest" time="14.950" classname="com.wordpress.test.LoginpageTest"/>
  <testcase name="validateincorrectloginTest1" time="10.549" classname="com.wordpress.test.LoginpageTest"/>
</testsuite> <!-- com.wordpress.test.LoginpageTest -->
