<?xml version="1.0" encoding="UTF-8"?>
<!-- Generated by org.testng.reporters.JUnitReportReporter -->
<testsuite skipped="0" hostname="DIN13002296" name="com.wordpress.test.LoginpageTest" tests="4" failures="0" timestamp="15 May 2019 10:04:53 GMT" time="46.720" errors="0">
  <testcase name="validateloginTest" time="12.914" classname="com.wordpress.test.LoginpageTest"/>
  <testcase name="validatetitleTest" time="9.498" classname="com.wordpress.test.LoginpageTest"/>
  <testcase name="validateincorrectloginTest1" time="14.232" classname="com.wordpress.test.LoginpageTest"/>
  <testcase name="validateincorrectloginTest2" time="10.076" classname="com.wordpress.test.LoginpageTest"/>
</testsuite> <!-- com.wordpress.test.LoginpageTest -->
